<?xml version="1.0" encoding="UTF-8"?>
<!-- Generated by org.testng.reporters.JUnitReportReporter -->
<testsuite skipped="0" hostname="LAPTOP-75V67E11" name="com.FlipKart.Home.SearchField" tests="1" failures="0" timestamp="2020-08-17T02:19:39 IST" time="31.823" errors="0">
  <testcase name="searchField" time="31.823" classname="com.FlipKart.Home.SearchField"/>
  <system-out>
searchField method Started Login  is Displyed Home Page  is Disaplayed===> Passed Online Shopping Site for Mobiles, Electronics, Furniture, Grocery, Lifestyle, Books & More. Best Offers! searchField method PASSED  </system-out>
</testsuite> <!-- com.FlipKart.Home.SearchField -->
