<?xml version="1.0" encoding="UTF-8"?>
<!-- Generated by org.testng.reporters.JUnitReportReporter -->
<testsuite skipped="0" hostname="LAPTOP-75V67E11" name="com.FlipKart.AddCart.ProductAddingInCart" tests="1" failures="0" timestamp="2020-08-17T02:46:47 IST" time="57.263" errors="0">
  <testcase name="addingProduct" time="57.263" classname="com.FlipKart.AddCart.ProductAddingInCart"/>
  <system-out>
Login  is Displyed Home Page  is Disaplayed===> Passed Online Shopping Site for Mobiles, Electronics, Furniture, Grocery, Lifestyle, Books & More. Best Offers! realme6 pro  product successfully Selected ProductsList page  is Disaplayed===> Passed product Details Page  is Disaplayed===> Passed Order Page  is Disaplayed===> Passed  </system-out>
</testsuite> <!-- com.FlipKart.AddCart.ProductAddingInCart -->
