<?xml version="1.0" encoding="UTF-8"?>
<!-- Generated by org.testng.reporters.JUnitReportReporter -->
<testsuite skipped="0" hostname="LAPTOP-75V67E11" name="com.FlipKart.ProductsDetails.OnemoreProductList" tests="1" failures="0" timestamp="2020-08-17T02:19:40 IST" time="120.241" errors="0">
  <testcase name="oneMoreDisplay" time="120.241" classname="com.FlipKart.ProductsDetails.OnemoreProductList"/>
  <system-out>
oneMoreDisplay method Started Login  is Displyed Home Page  is Disaplayed===> Passed Online Shopping Site for Mobiles, Electronics, Furniture, Grocery, Lifestyle, Books & More. Best Offers! realme6 pro  product successfully Selected ProductsList page  is Disaplayed===> Passed product Details Page  is Disaplayed===> Passed Order Page  is Disaplayed===> Passed samsung smart tv 32 inches  product successfully Selected One more ProductsList page  is Disaplayed===> Passed Samsung 80cm (32 inch) HD Ready LED Smart TV with Voice Search Online at best Prices In India is displayed  another product details page  is Disaplayed===> Passed oneMoreDisplay method PASSED  </system-out>
</testsuite> <!-- com.FlipKart.ProductsDetails.OnemoreProductList -->
