<?xml version="1.0" encoding="UTF-8"?>
<!-- Generated by org.testng.reporters.JUnitReportReporter -->
<testsuite skipped="0" hostname="LAPTOP-75V67E11" name="com.FlipKart.Home.FlipLogout" tests="1" failures="0" timestamp="2020-08-17T02:19:39 IST" time="8.706" errors="0">
  <testcase name="flipkartLogout" time="8.706" classname="com.FlipKart.Home.FlipLogout"/>
  <system-out>
flipkartLogout method Started Login  is Displyed Login  is Displyed flipkartLogout method PASSED  </system-out>
</testsuite> <!-- com.FlipKart.Home.FlipLogout -->
