<?xml version="1.0" encoding="UTF-8"?>
<!-- Generated by org.testng.reporters.JUnitReportReporter -->
<testsuite skipped="0" hostname="LAPTOP-75V67E11" name="com.FlipKart.Home.FlipKartValidLogin" tests="1" failures="0" timestamp="2020-08-17T02:19:40 IST" time="5.792" errors="0">
  <testcase name="flipkartLogin" time="5.792" classname="com.FlipKart.Home.FlipKartValidLogin"/>
  <system-out>
flipkartLogin method Started Login  is Displyed flipkartLogin method PASSED  </system-out>
</testsuite> <!-- com.FlipKart.Home.FlipKartValidLogin -->
