<?xml version="1.0" encoding="UTF-8"?>
<!-- Generated by org.testng.reporters.JUnitReportReporter -->
<testsuite skipped="0" hostname="LAPTOP-75V67E11" name="com.FlipKart.PlaceOrder.MultiplePlaceOrder" tests="1" failures="0" timestamp="2020-08-17T02:36:21 IST" time="219.445" errors="0">
  <testcase name="multipleOrder" time="219.445" classname="com.FlipKart.PlaceOrder.MultiplePlaceOrder"/>
  <system-out>
multipleOrder method Started Login  is Displyed Home Page  is Disaplayed===> Passed Online Shopping Site for Mobiles, Electronics, Furniture, Grocery, Lifestyle, Books & More. Best Offers! realme6 pro  product successfully Selected ProductsList page  is Disaplayed===> Passed Realme 6 Pro ( 64 GB GB Storage, 6 GB RAM ) Online at Best Price On Flipkart.com is displayed  product Details Page  is Disaplayed===> Passed Order Page  is Disaplayed===> Passed samsung smart tv 32 inches  product successfully Selected One more ProductsList page  is Disaplayed===> Passed Samsung 80cm (32 inch) HD Ready LED Smart TV with Voice Search Online at best Prices In India is displayed  another product details page  is Disaplayed===> Passed Place Order Page  is Disaplayed===> Passed Order Summary page  is Disaplayed===> Passed multipleOrder method PASSED  </system-out>
</testsuite> <!-- com.FlipKart.PlaceOrder.MultiplePlaceOrder -->
