<?xml version="1.0" encoding="UTF-8"?>
<!-- Generated by org.testng.reporters.JUnitReportReporter -->
<testsuite skipped="0" hostname="LAPTOP-75V67E11" name="com.FlipKart.ProductsDetails.DisplayProducts" tests="1" failures="0" timestamp="2020-08-17T02:19:40 IST" time="24.700" errors="0">
  <testcase name="displaying" time="24.700" classname="com.FlipKart.ProductsDetails.DisplayProducts"/>
  <system-out>
displaying method Started Login  is Displyed Home Page  is Disaplayed===> Passed Online Shopping Site for Mobiles, Electronics, Furniture, Grocery, Lifestyle, Books & More. Best Offers! realme6 pro  product successfully Selected ProductsList page  is Disaplayed===> Passed displaying method PASSED  </system-out>
</testsuite> <!-- com.FlipKart.ProductsDetails.DisplayProducts -->
