<?xml version="1.0" encoding="UTF-8"?>
<!-- Generated by org.testng.reporters.JUnitReportReporter -->
<testsuite skipped="0" hostname="LAPTOP-75V67E11" name="com.FlipKart.AddCart.BuyNowProduct" tests="1" failures="0" timestamp="2020-08-17T02:19:40 IST" time="160.892" errors="0">
  <testcase name="buyProduct" time="160.892" classname="com.FlipKart.AddCart.BuyNowProduct"/>
  <system-out>
buyProduct method Started Login  is Displyed Home Page  is Disaplayed===> Passed Online Shopping Site for Mobiles, Electronics, Furniture, Grocery, Lifestyle, Books & More. Best Offers! realme6 pro  product successfully Selected ProductsList page  is Disaplayed===> Passed Realme 6 Pro ( 64 GB GB Storage, 6 GB RAM ) Online at Best Price On Flipkart.com is displayed  Product Details Page  is Disaplayed===> Passed Order Summary Page  is Disaplayed===> Passed buyProduct method PASSED  </system-out>
</testsuite> <!-- com.FlipKart.AddCart.BuyNowProduct -->
