<?xml version="1.0" encoding="UTF-8"?>
<!-- Generated by org.testng.reporters.JUnitReportReporter -->
<testsuite skipped="0" hostname="LAPTOP-75V67E11" name="com.FlipKart.AddCart.AddingOutOfStockProduct" tests="1" failures="0" timestamp="2020-08-17T04:30:29 IST" time="48.144" errors="0">
  <testcase name="addingOutOfStock" time="48.144" classname="com.FlipKart.AddCart.AddingOutOfStockProduct"/>
  <system-out>
Login  is Displyed samsung smart tv 32 inches  product successfully Selected product Details Page  is Disaplayed===> Passed Currently out of stock in this area. is displayed  </system-out>
</testsuite> <!-- com.FlipKart.AddCart.AddingOutOfStockProduct -->
