<?xml version="1.0" encoding="UTF-8"?>
<!-- Generated by org.testng.reporters.JUnitReportReporter -->
<testsuite skipped="0" hostname="LAPTOP-75V67E11" name="com.FlipKart.PlaceOrder.PlaceOrder" tests="1" failures="0" timestamp="2020-08-17T02:19:39 IST" time="136.166" errors="0">
  <testcase name="orderPlace" time="136.166" classname="com.FlipKart.PlaceOrder.PlaceOrder"/>
  <system-out>
orderPlace method Started Login  is Displyed Home Page  is Disaplayed===> Passed Online Shopping Site for Mobiles, Electronics, Furniture, Grocery, Lifestyle, Books & More. Best Offers! realme6 pro  product successfully Selected ProductsList page  is Disaplayed===> Passed Realme 6 Pro ( 64 GB GB Storage, 6 GB RAM ) Online at Best Price On Flipkart.com is displayed  product Details Page  is Disaplayed===> Passed Order Page  is Disaplayed===> Passed Order Page  is Disaplayed===> Passed orderPlace method PASSED  </system-out>
</testsuite> <!-- com.FlipKart.PlaceOrder.PlaceOrder -->
