<?xml version="1.0" encoding="UTF-8"?>
<!-- Generated by org.testng.reporters.JUnitReportReporter -->
<testsuite skipped="0" hostname="LAPTOP-75V67E11" name="com.ActiTime.genericLib.App" tests="1" failures="0" timestamp="2020-08-10T16:51:17 IST" time="0.037" errors="0">
  <testcase name="run" time="0.037" classname="com.ActiTime.genericLib.App"/>
  <system-out>
Hi Run Hi Run  </system-out>
</testsuite> <!-- com.ActiTime.genericLib.App -->
