<?xml version="1.0" encoding="UTF-8"?>
<!-- Generated by org.testng.reporters.JUnitReportReporter -->
<testsuite skipped="0" hostname="LAPTOP-75V67E11" name="com.ActiTime.genericLib.Demo" tests="1" failures="0" timestamp="2020-08-07T04:29:02 IST" time="0.011" errors="0">
  <testcase name="run" time="0.011" classname="com.ActiTime.genericLib.Demo"/>
  <system-out>
am run  </system-out>
</testsuite> <!-- com.ActiTime.genericLib.Demo -->
